2025-04-02 14:17:18,718 - aiogram.dispatcher - INFO - Start polling
2025-04-02 14:17:18,793 - aiogram.dispatcher - INFO - Run polling for bot @ArinaDurilaNailsBot id=8115591921 - 'Арина дурила и записи'
2025-04-02 14:17:30,715 - aiogram.event - INFO - Update id=495146030 is handled. Duration 428 ms by bot id=8115591921
2025-04-02 14:17:51,321 - aiogram.dispatcher - INFO - Polling stopped
2025-04-02 14:17:51,588 - aiogram.dispatcher - INFO - Polling stopped for bot @ArinaDurilaNailsBot id=8115591921 - 'Арина дурила и записи'
2025-04-02 14:18:00,621 - aiogram.dispatcher - INFO - Start polling
2025-04-02 14:18:00,687 - aiogram.dispatcher - INFO - Run polling for bot @ArinaDurilaNailsBot id=8115591921 - 'Арина дурила и записи'
2025-04-02 14:18:06,845 - aiogram.event - INFO - Update id=495146031 is handled. Duration 670 ms by bot id=8115591921
2025-04-02 14:18:12,068 - aiogram.event - INFO - Update id=495146032 is handled. Duration 261 ms by bot id=8115591921
2025-04-02 14:18:14,507 - aiogram.event - INFO - Update id=495146033 is handled. Duration 327 ms by bot id=8115591921
2025-04-02 14:18:17,223 - aiogram.event - INFO - Update id=495146034 is handled. Duration 268 ms by bot id=8115591921
2025-04-02 14:18:19,573 - aiogram.event - INFO - Update id=495146035 is handled. Duration 494 ms by bot id=8115591921
2025-04-02 14:18:25,268 - aiogram.event - INFO - Update id=495146036 is handled. Duration 326 ms by bot id=8115591921
2025-04-02 14:18:28,712 - aiogram.event - INFO - Update id=495146037 is handled. Duration 758 ms by bot id=8115591921
2025-04-02 14:18:36,547 - aiogram.event - INFO - Update id=495146038 is handled. Duration 331 ms by bot id=8115591921
2025-04-02 14:18:38,129 - aiogram.event - INFO - Update id=495146039 is handled. Duration 427 ms by bot id=8115591921
2025-04-02 14:18:40,109 - aiogram.event - INFO - Update id=495146040 is handled. Duration 344 ms by bot id=8115591921
2025-04-02 14:20:41,328 - aiogram.event - INFO - Update id=495146041 is handled. Duration 405 ms by bot id=8115591921
2025-04-02 14:20:42,808 - aiogram.event - INFO - Update id=495146042 is handled. Duration 298 ms by bot id=8115591921
2025-04-02 14:20:45,238 - aiogram.event - INFO - Update id=495146043 is handled. Duration 674 ms by bot id=8115591921
2025-04-02 14:20:47,362 - aiogram.event - INFO - Update id=495146044 is handled. Duration 631 ms by bot id=8115591921
2025-04-02 14:20:49,769 - aiogram.event - INFO - Update id=495146045 is handled. Duration 293 ms by bot id=8115591921
2025-04-02 14:20:53,418 - aiogram.event - INFO - Update id=495146046 is handled. Duration 290 ms by bot id=8115591921
2025-04-02 14:21:12,919 - aiogram.event - INFO - Update id=495146047 is handled. Duration 356 ms by bot id=8115591921
2025-04-02 14:21:15,548 - aiogram.event - INFO - Update id=495146048 is handled. Duration 274 ms by bot id=8115591921
2025-04-02 14:21:22,086 - aiogram.event - INFO - Update id=495146049 is handled. Duration 284 ms by bot id=8115591921
2025-04-02 14:21:24,798 - aiogram.event - INFO - Update id=495146050 is handled. Duration 287 ms by bot id=8115591921
2025-04-02 14:21:36,676 - aiogram.event - INFO - Update id=495146051 is handled. Duration 261 ms by bot id=8115591921
2025-04-02 14:21:41,045 - aiogram.event - INFO - Update id=495146052 is handled. Duration 158 ms by bot id=8115591921
2025-04-02 14:21:45,361 - aiogram.event - INFO - Update id=495146053 is handled. Duration 331 ms by bot id=8115591921
2025-04-02 14:23:58,408 - aiogram.event - INFO - Update id=495146054 is handled. Duration 155 ms by bot id=8115591921
2025-04-02 14:24:04,182 - aiogram.event - INFO - Update id=495146055 is handled. Duration 338 ms by bot id=8115591921
2025-04-02 14:24:11,715 - aiogram.dispatcher - INFO - Polling stopped
2025-04-02 14:24:11,982 - aiogram.dispatcher - INFO - Polling stopped for bot @ArinaDurilaNailsBot id=8115591921 - 'Арина дурила и записи'
